<?xml version="1.0" encoding="UTF-8"?>
<testng-results ignored="0" total="2" passed="1" failed="1" skipped="0">
  <reporter-output>
  </reporter-output>
  <suite started-at="2025-07-16T20:11:40 NZST" name="Default suite" finished-at="2025-07-16T20:12:18 NZST" duration-ms="37857">
    <groups>
    </groups>
    <test started-at="2025-07-16T20:11:40 NZST" name="Default test" finished-at="2025-07-16T20:12:18 NZST" duration-ms="37857">
      <class name="tests.LoginTest">
        <test-method is-config="true" signature="setUpReport()[pri:0, instance:tests.LoginTest@9d5509a]" started-at="2025-07-16T20:11:40 NZST" name="setUpReport" finished-at="2025-07-16T20:11:40 NZST" duration-ms="440" status="PASS">
          <reporter-output>
          </reporter-output>
        </test-method> <!-- setUpReport -->
        <test-method is-config="true" signature="setUpTestNG(java.lang.reflect.Method)[pri:0, instance:tests.LoginTest@9d5509a]" started-at="2025-07-16T20:11:42 NZST" name="setUpTestNG" finished-at="2025-07-16T20:11:50 NZST" duration-ms="8601" status="PASS">
          <params>
            <param index="0">
              <value>
                <![CDATA[public void tests.LoginTest.testLoginWithMultipleData(java.lang.String,java.lang.String)]]>
              </value>
            </param>
          </params>
          <reporter-output>
          </reporter-output>
        </test-method> <!-- setUpTestNG -->
        <test-method signature="testLoginWithMultipleData(java.lang.String,java.lang.String)[pri:0, instance:tests.LoginTest@9d5509a]" started-at="2025-07-16T20:11:50 NZST" name="testLoginWithMultipleData" data-provider="loginData" finished-at="2025-07-16T20:12:02 NZST" duration-ms="11353" status="FAIL">
          <params>
            <param index="0">
              <value>
                <![CDATA[Admin]]>
              </value>
            </param>
            <param index="1">
              <value>
                <![CDATA[admin123]]>
              </value>
            </param>
          </params>
          <exception class="java.lang.AssertionError">
            <message>
              <![CDATA[Login should succeed for Admin/admin123 expected [true] but found [false]]]>
            </message>
            <full-stacktrace>
              <![CDATA[java.lang.AssertionError: Login should succeed for Admin/admin123 expected [true] but found [false]
at org.testng.Assert.fail(Assert.java:111)
at org.testng.Assert.failNotEquals(Assert.java:1578)
at org.testng.Assert.assertTrue(Assert.java:57)
at tests.LoginTest.testLoginWithMultipleData(LoginTest.java:40)
at java.base/jdk.internal.reflect.DirectMethodHandleAccessor.invoke(DirectMethodHandleAccessor.java:103)
at java.base/java.lang.reflect.Method.invoke(Method.java:580)
at org.testng.internal.invokers.MethodInvocationHelper.invokeMethod(MethodInvocationHelper.java:139)
at org.testng.internal.invokers.TestInvoker.invokeMethod(TestInvoker.java:664)
at org.testng.internal.invokers.TestInvoker.invokeTestMethod(TestInvoker.java:228)
at org.testng.internal.invokers.MethodRunner.runInSequence(MethodRunner.java:63)
at org.testng.internal.invokers.TestInvoker$MethodInvocationAgent.invoke(TestInvoker.java:961)
at org.testng.internal.invokers.TestInvoker.invokeTestMethods(TestInvoker.java:201)
at org.testng.internal.invokers.TestMethodWorker.invokeTestMethods(TestMethodWorker.java:148)
at org.testng.internal.invokers.TestMethodWorker.run(TestMethodWorker.java:128)
at java.base/java.util.ArrayList.forEach(ArrayList.java:1596)
at org.testng.TestRunner.privateRun(TestRunner.java:819)
at org.testng.TestRunner.run(TestRunner.java:619)
at org.testng.SuiteRunner.runTest(SuiteRunner.java:443)
at org.testng.SuiteRunner.runSequentially(SuiteRunner.java:437)
at org.testng.SuiteRunner.privateRun(SuiteRunner.java:397)
at org.testng.SuiteRunner.run(SuiteRunner.java:336)
at org.testng.SuiteRunnerWorker.runSuite(SuiteRunnerWorker.java:52)
at org.testng.SuiteRunnerWorker.run(SuiteRunnerWorker.java:95)
at org.testng.TestNG.runSuitesSequentially(TestNG.java:1301)
at org.testng.TestNG.runSuitesLocally(TestNG.java:1228)
at org.testng.TestNG.runSuites(TestNG.java:1134)
at org.testng.TestNG.run(TestNG.java:1101)
at org.testng.remote.AbstractRemoteTestNG.run(AbstractRemoteTestNG.java:115)
at org.testng.remote.RemoteTestNG.initAndRun(RemoteTestNG.java:293)
at org.testng.remote.RemoteTestNG.main(RemoteTestNG.java:91)
]]>
            </full-stacktrace>
          </exception> <!-- java.lang.AssertionError -->
          <reporter-output>
          </reporter-output>
        </test-method> <!-- testLoginWithMultipleData -->
        <test-method is-config="true" signature="tearDownTestNG()[pri:0, instance:tests.LoginTest@9d5509a]" started-at="2025-07-16T20:12:02 NZST" name="tearDownTestNG" finished-at="2025-07-16T20:12:02 NZST" duration-ms="327" status="PASS">
          <reporter-output>
          </reporter-output>
        </test-method> <!-- tearDownTestNG -->
        <test-method is-config="true" signature="setUpTestNG(java.lang.reflect.Method)[pri:0, instance:tests.LoginTest@9d5509a]" started-at="2025-07-16T20:12:02 NZST" name="setUpTestNG" finished-at="2025-07-16T20:12:07 NZST" duration-ms="4505" status="PASS">
          <params>
            <param index="0">
              <value>
                <![CDATA[public void tests.LoginTest.testLoginWithMultipleData(java.lang.String,java.lang.String)]]>
              </value>
            </param>
          </params>
          <reporter-output>
          </reporter-output>
        </test-method> <!-- setUpTestNG -->
        <test-method signature="testLoginWithMultipleData(java.lang.String,java.lang.String)[pri:0, instance:tests.LoginTest@9d5509a]" started-at="2025-07-16T20:12:07 NZST" name="testLoginWithMultipleData" data-provider="loginData" finished-at="2025-07-16T20:12:18 NZST" duration-ms="11455" status="PASS">
          <params>
            <param index="0">
              <value>
                <![CDATA[fakeUser]]>
              </value>
            </param>
            <param index="1">
              <value>
                <![CDATA[fakePass]]>
              </value>
            </param>
          </params>
          <reporter-output>
          </reporter-output>
        </test-method> <!-- testLoginWithMultipleData -->
        <test-method is-config="true" signature="tearDownTestNG()[pri:0, instance:tests.LoginTest@9d5509a]" started-at="2025-07-16T20:12:18 NZST" name="tearDownTestNG" finished-at="2025-07-16T20:12:18 NZST" duration-ms="271" status="PASS">
          <reporter-output>
          </reporter-output>
        </test-method> <!-- tearDownTestNG -->
        <test-method is-config="true" signature="tearDownReport()[pri:0, instance:tests.LoginTest@9d5509a]" started-at="2025-07-16T20:12:18 NZST" name="tearDownReport" finished-at="2025-07-16T20:12:19 NZST" duration-ms="550" status="PASS">
          <reporter-output>
          </reporter-output>
        </test-method> <!-- tearDownReport -->
      </class> <!-- tests.LoginTest -->
    </test> <!-- Default test -->
  </suite> <!-- Default suite -->
</testng-results>
